# JRE version: OpenJDK Runtime Environment Temurin-21.0.12.1+1 (21.0.12.1+1) (build 21.0.12.1+1-LTS)
# Java VM: OpenJDK 64-Bit Server VM Temurin-21.0.12.1+1 (21.0.12.1+1-LTS, mixed mode, sharing, tiered, compressed oops, compressed class ptrs, g1 gc, windows-amd64)
GC Precious Log:
 CardTable entry size: 512
 Card Set container configuration: InlinePtr #cards 5 size 8 Array Of Cards #cards 12 size 40 Howl #buckets 4 coarsen threshold 1843 Howl Bitmap #cards 512 size 80 coarsen threshold 460 Card regions per heap region 1 cards per card region 2048
 CPUs: 8 total, 8 available
 Memory: 12028M
 Large Page Support: Disabled
 NUMA Support: Disabled
 Compressed Oops: Enabled (32-bit)
 Heap Region Size: 1M
 Heap Min Capacity: 8M
 Heap Initial Capacity: 188M
 Heap Max Capacity: 2G
 Pre-touch: Disabled
 Parallel Workers: 8
 Concurrent Workers: 2
 Concurrent Refinement Workers: 8
 Periodic GC: Disabled
Heap:
 garbage-first heap   total 134144K, used 92142K [0x0000000080000000, 0x0000000100000000)
  region size 1024K, 6 young (6144K), 4 survivors (4096K)
 Metaspace       used 80235K, committed 82368K, reserved 1179648K
  class space    used 11170K, committed 12224K, reserved 1048576K
GC Heap History (20 events):
Event: 49.559 GC heap before
{Heap before GC invocations=17 (full 0):
 garbage-first heap   total 103424K, used 60302K [0x0000000080000000, 0x0000000100000000)
  region size 1024K, 15 young (15360K), 2 survivors (2048K)
 Metaspace       used 57565K, committed 59328K, reserved 1114112K
  class space    used 8210K, committed 9088K, reserved 1048576K
}
Event: 49.567 GC heap after
{Heap after GC invocations=18 (full 0):
 garbage-first heap   total 103424K, used 49426K [0x0000000080000000, 0x0000000100000000)
  region size 1024K, 3 young (3072K), 3 survivors (3072K)
 Metaspace       used 57565K, committed 59328K, reserved 1114112K
  class space    used 8210K, committed 9088K, reserved 1048576K
}
Event: 54.163 GC heap before
{Heap before GC invocations=19 (full 0):
 garbage-first heap   total 103424K, used 101650K [0x0000000080000000, 0x0000000100000000)
  region size 1024K, 41 young (41984K), 3 survivors (3072K)
 Metaspace       used 59780K, committed 61632K, reserved 1114112K
  class space    used 8494K, committed 9408K, reserved 1048576K
}
Event: 54.175 GC heap after
{Heap after GC invocations=20 (full 0):
 garbage-first heap   total 112640K, used 69617K [0x0000000080000000, 0x0000000100000000)
  region size 1024K, 6 young (6144K), 6 survivors (6144K)
 Metaspace       used 59780K, committed 61632K, reserved 1114112K
  class space    used 8494K, committed 9408K, reserved 1048576K
}
Event: 59.809 GC heap before
{Heap before GC invocations=20 (full 0):
 garbage-first heap   total 112640K, used 100337K [0x0000000080000000, 0x0000000100000000)
  region size 1024K, 37 young (37888K), 6 survivors (6144K)
 Metaspace       used 63082K, committed 64960K, reserved 1114112K
  class space    used 8814K, committed 9728K, reserved 1048576K
}
Event: 59.817 GC heap after
{Heap after GC invocations=21 (full 0):
 garbage-first heap   total 112640K, used 69817K [0x0000000080000000, 0x0000000100000000)
  region size 1024K, 2 young (2048K), 2 survivors (2048K)
 Metaspace       used 63082K, committed 64960K, reserved 1114112K
  class space    used 8814K, committed 9728K, reserved 1048576K
}
Event: 66.544 GC heap before
{Heap before GC invocations=21 (full 0):
 garbage-first heap   total 112640K, used 100537K [0x0000000080000000, 0x0000000100000000)
  region size 1024K, 33 young (33792K), 2 survivors (2048K)
 Metaspace       used 66294K, committed 68224K, reserved 1114112K
  class space    used 9282K, committed 10240K, reserved 1048576K
}
Event: 66.552 GC heap after
{Heap after GC invocations=22 (full 0):
 garbage-first heap   total 112640K, used 71091K [0x0000000080000000, 0x0000000100000000)
  region size 1024K, 3 young (3072K), 3 survivors (3072K)
 Metaspace       used 66294K, committed 68224K, reserved 1114112K
  class space    used 9282K, committed 10240K, reserved 1048576K
}
Event: 75.324 GC heap before
{Heap before GC invocations=23 (full 0):
 garbage-first heap   total 121856K, used 107955K [0x0000000080000000, 0x0000000100000000)
  region size 1024K, 34 young (34816K), 3 survivors (3072K)
 Metaspace       used 68509K, committed 70464K, reserved 1114112K
  class space    used 9575K, committed 10496K, reserved 1048576K
}
Event: 75.332 GC heap after
{Heap after GC invocations=24 (full 0):
 garbage-first heap   total 121856K, used 76194K [0x0000000080000000, 0x0000000100000000)
  region size 1024K, 5 young (5120K), 5 survivors (5120K)
 Metaspace       used 68509K, committed 70464K, reserved 1114112K
  class space    used 9575K, committed 10496K, reserved 1048576K
}
Event: 78.779 GC heap before
{Heap before GC invocations=24 (full 0):
 garbage-first heap   total 121856K, used 108962K [0x0000000080000000, 0x0000000100000000)
  region size 1024K, 38 young (38912K), 5 survivors (5120K)
 Metaspace       used 70894K, committed 72896K, reserved 1114112K
  class space    used 9897K, committed 10880K, reserved 1048576K
}
Event: 78.791 GC heap after
{Heap after GC invocations=25 (full 0):
 garbage-first heap   total 121856K, used 78229K [0x0000000080000000, 0x0000000100000000)
  region size 1024K, 3 young (3072K), 3 survivors (3072K)
 Metaspace       used 70894K, committed 72896K, reserved 1114112K
  class space    used 9897K, committed 10880K, reserved 1048576K
}
Event: 82.809 GC heap before
{Heap before GC invocations=25 (full 0):
 garbage-first heap   total 121856K, used 110997K [0x0000000080000000, 0x0000000100000000)
  region size 1024K, 35 young (35840K), 3 survivors (3072K)
 Metaspace       used 74533K, committed 76480K, reserved 1114112K
  class space    used 10357K, committed 11328K, reserved 1048576K
}
Event: 82.816 GC heap after
{Heap after GC invocations=26 (full 0):
 garbage-first heap   total 121856K, used 79402K [0x0000000080000000, 0x0000000100000000)
  region size 1024K, 4 young (4096K), 4 survivors (4096K)
 Metaspace       used 74533K, committed 76480K, reserved 1114112K
  class space    used 10357K, committed 11328K, reserved 1048576K
}
Event: 88.523 GC heap before
{Heap before GC invocations=27 (full 0):
 garbage-first heap   total 133120K, used 112170K [0x0000000080000000, 0x0000000100000000)
  region size 1024K, 36 young (36864K), 4 survivors (4096K)
 Metaspace       used 77044K, committed 79104K, reserved 1179648K
  class space    used 10717K, committed 11712K, reserved 1048576K
}
Event: 88.532 GC heap after
{Heap after GC invocations=28 (full 0):
 garbage-first heap   total 133120K, used 80663K [0x0000000080000000, 0x0000000100000000)
  region size 1024K, 3 young (3072K), 3 survivors (3072K)
 Metaspace       used 77044K, committed 79104K, reserved 1179648K
  class space    used 10717K, committed 11712K, reserved 1048576K
}
Event: 94.553 GC heap before
{Heap before GC invocations=28 (full 0):
 garbage-first heap   total 133120K, used 124695K [0x0000000080000000, 0x0000000100000000)
  region size 1024K, 43 young (44032K), 3 survivors (3072K)
 Metaspace       used 79211K, committed 81280K, reserved 1179648K
  class space    used 11041K, committed 12032K, reserved 1048576K
}
Event: 94.581 GC heap after
{Heap after GC invocations=29 (full 0):
 garbage-first heap   total 134144K, used 87937K [0x0000000080000000, 0x0000000100000000)
  region size 1024K, 6 young (6144K), 6 survivors (6144K)
 Metaspace       used 79211K, committed 81280K, reserved 1179648K
  class space    used 11041K, committed 12032K, reserved 1048576K
}
Event: 96.355 GC heap before
{Heap before GC invocations=29 (full 0):
 garbage-first heap   total 134144K, used 122753K [0x0000000080000000, 0x0000000100000000)
  region size 1024K, 40 young (40960K), 6 survivors (6144K)
 Metaspace       used 80149K, committed 82240K, reserved 1179648K
  class space    used 11158K, committed 12160K, reserved 1048576K
}
Event: 96.369 GC heap after
{Heap after GC invocations=30 (full 0):
 garbage-first heap   total 134144K, used 91118K [0x0000000080000000, 0x0000000100000000)
  region size 1024K, 4 young (4096K), 4 survivors (4096K)
 Metaspace       used 80149K, committed 82240K, reserved 1179648K
  class space    used 11158K, committed 12160K, reserved 1048576K
}

